  Main.cpp
C:\Users\maksz\OneDrive\Рабочий стол\Home\HW\OpenGL\linmath\linmath.h(585,18): warning C4244: аргумент: преобразование "double" в "float", возможна потеря данных
C:\Users\maksz\OneDrive\Рабочий стол\Home\HW\OpenGL\linmath\linmath.h(591,18): warning C4244: аргумент: преобразование "double" в "float", возможна потеря данных
C:\Users\maksz\OneDrive\Рабочий стол\Home\HW\OpenGL\OpenGL\Camera.h(24,28): warning C4244: -=: преобразование "double" в "float", возможна потеря данных
C:\Users\maksz\OneDrive\Рабочий стол\Home\HW\OpenGL\OpenGL\Main.cpp(29,13): warning C4326: возвращаемый тип "main" должен быть "int", а не "void"
  Material.cpp
C:\Users\maksz\OneDrive\Рабочий стол\Home\HW\OpenGL\linmath\linmath.h(585,18): warning C4244: аргумент: преобразование "double" в "float", возможна потеря данных
C:\Users\maksz\OneDrive\Рабочий стол\Home\HW\OpenGL\linmath\linmath.h(591,18): warning C4244: аргумент: преобразование "double" в "float", возможна потеря данных
C:\Users\maksz\OneDrive\Рабочий стол\Home\HW\OpenGL\linmath\linmath.h(602,51): warning C4244: инициализация: преобразование "double" в "float", возможна потеря данных
C:\Users\maksz\OneDrive\Рабочий стол\Home\HW\OpenGL\linmath\linmath.h(602,20): warning C4244: инициализация: преобразование "double" в "const float", возможна потеря данных
  Object.cpp
C:\Users\maksz\OneDrive\Рабочий стол\Home\HW\OpenGL\linmath\linmath.h(585,18): warning C4244: аргумент: преобразование "double" в "float", возможна потеря данных
C:\Users\maksz\OneDrive\Рабочий стол\Home\HW\OpenGL\linmath\linmath.h(591,18): warning C4244: аргумент: преобразование "double" в "float", возможна потеря данных
C:\Users\maksz\OneDrive\Рабочий стол\Home\HW\OpenGL\linmath\linmath.h(602,51): warning C4244: инициализация: преобразование "double" в "float", возможна потеря данных
C:\Users\maksz\OneDrive\Рабочий стол\Home\HW\OpenGL\linmath\linmath.h(602,20): warning C4244: инициализация: преобразование "double" в "const float", возможна потеря данных
  RenderEngine.cpp
C:\Users\maksz\OneDrive\Рабочий стол\Home\HW\OpenGL\linmath\linmath.h(585,18): warning C4244: аргумент: преобразование "double" в "float", возможна потеря данных
C:\Users\maksz\OneDrive\Рабочий стол\Home\HW\OpenGL\linmath\linmath.h(591,18): warning C4244: аргумент: преобразование "double" в "float", возможна потеря данных
C:\Users\maksz\OneDrive\Рабочий стол\Home\HW\OpenGL\linmath\linmath.h(602,51): warning C4244: инициализация: преобразование "double" в "float", возможна потеря данных
C:\Users\maksz\OneDrive\Рабочий стол\Home\HW\OpenGL\linmath\linmath.h(602,20): warning C4244: инициализация: преобразование "double" в "const float", возможна потеря данных
C:\Users\maksz\OneDrive\Рабочий стол\Home\HW\OpenGL\OpenGL\Camera.h(24,28): warning C4244: -=: преобразование "double" в "float", возможна потеря данных
  Shaders.cpp
C:\Users\maksz\OneDrive\Рабочий стол\Home\HW\OpenGL\linmath\linmath.h(585,18): warning C4244: аргумент: преобразование "double" в "float", возможна потеря данных
C:\Users\maksz\OneDrive\Рабочий стол\Home\HW\OpenGL\linmath\linmath.h(591,18): warning C4244: аргумент: преобразование "double" в "float", возможна потеря данных
C:\Users\maksz\OneDrive\Рабочий стол\Home\HW\OpenGL\linmath\linmath.h(602,51): warning C4244: инициализация: преобразование "double" в "float", возможна потеря данных
C:\Users\maksz\OneDrive\Рабочий стол\Home\HW\OpenGL\linmath\linmath.h(602,20): warning C4244: инициализация: преобразование "double" в "const float", возможна потеря данных
  Создание кода...
  OpenGL.vcxproj -> C:\Users\maksz\OneDrive\Рабочий стол\Home\HW\OpenGL\x64\Debug\OpenGL.exe
